sqlalchemy.engine.Engine | [2025-06-27 15:39:06]: select pg_catalog.version()
sqlalchemy.engine.Engine | [2025-06-27 15:39:06]: [raw sql] {}
sqlalchemy.engine.Engine | [2025-06-27 15:39:06]: select current_schema()
sqlalchemy.engine.Engine | [2025-06-27 15:39:06]: [raw sql] {}
sqlalchemy.engine.Engine | [2025-06-27 15:39:06]: show standard_conforming_strings
sqlalchemy.engine.Engine | [2025-06-27 15:39:06]: [raw sql] {}
sqlalchemy.engine.Engine | [2025-06-27 15:39:06]: BEGIN (implicit)
sqlalchemy.engine.Engine | [2025-06-27 15:39:06]: SELECT pg_catalog.pg_class.relname 
FROM pg_catalog.pg_class JOIN pg_catalog.pg_namespace ON pg_catalog.pg_namespace.oid = pg_catalog.pg_class.relnamespace 
WHERE pg_catalog.pg_class.relname = %(table_name)s AND pg_catalog.pg_class.relkind = ANY (ARRAY[%(param_1)s, %(param_2)s, %(param_3)s, %(param_4)s, %(param_5)s]) AND pg_catalog.pg_table_is_visible(pg_catalog.pg_class.oid) AND pg_catalog.pg_namespace.nspname != %(nspname_1)s
sqlalchemy.engine.Engine | [2025-06-27 15:39:06]: [generated in 0.00044s] {'table_name': 'alembic_version', 'param_1': 'r', 'param_2': 'p', 'param_3': 'f', 'param_4': 'v', 'param_5': 'm', 'nspname_1': 'pg_catalog'}
sqlalchemy.engine.Engine | [2025-06-27 15:39:06]: SELECT pg_catalog.pg_class.relname 
FROM pg_catalog.pg_class JOIN pg_catalog.pg_namespace ON pg_catalog.pg_namespace.oid = pg_catalog.pg_class.relnamespace 
WHERE pg_catalog.pg_class.relname = %(table_name)s AND pg_catalog.pg_class.relkind = ANY (ARRAY[%(param_1)s, %(param_2)s, %(param_3)s, %(param_4)s, %(param_5)s]) AND pg_catalog.pg_table_is_visible(pg_catalog.pg_class.oid) AND pg_catalog.pg_namespace.nspname != %(nspname_1)s
sqlalchemy.engine.Engine | [2025-06-27 15:39:06]: [cached since 0.01925s ago] {'table_name': 'alembic_version', 'param_1': 'r', 'param_2': 'p', 'param_3': 'f', 'param_4': 'v', 'param_5': 'm', 'nspname_1': 'pg_catalog'}
sqlalchemy.engine.Engine | [2025-06-27 15:39:06]: 
CREATE TABLE alembic_version (
	version_num VARCHAR(32) NOT NULL, 
	CONSTRAINT alembic_version_pkc PRIMARY KEY (version_num)
)


sqlalchemy.engine.Engine | [2025-06-27 15:39:06]: [no key 0.00012s] {}
sqlalchemy.engine.Engine | [2025-06-27 15:39:06]: CREATE TYPE exchangestatus AS ENUM ('ACTIVE', 'CANCELED', 'FAILED', 'FINISHED')
sqlalchemy.engine.Engine | [2025-06-27 15:39:06]: [no key 0.00009s] {}
sqlalchemy.engine.Engine | [2025-06-27 15:39:06]: 
CREATE TABLE exchange (
	token UUID NOT NULL, 
	status exchangestatus NOT NULL, 
	public_key TEXT, 
	user_token UUID NOT NULL, 
	id UUID NOT NULL, 
	created_at TIMESTAMP WITHOUT TIME ZONE NOT NULL, 
	PRIMARY KEY (id), 
	UNIQUE (token)
)


sqlalchemy.engine.Engine | [2025-06-27 15:39:06]: [no key 0.00013s] {}
sqlalchemy.engine.Engine | [2025-06-27 15:39:06]: INSERT INTO alembic_version (version_num) VALUES ('e3dbac16a376') RETURNING alembic_version.version_num
sqlalchemy.engine.Engine | [2025-06-27 15:39:06]: [generated in 0.00016s] {}
sqlalchemy.engine.Engine | [2025-06-27 15:39:06]: COMMIT
